<?xml version="1.0" encoding="UTF-8"?>
<!-- Generated by org.testng.reporters.JUnitReportReporter -->
<testsuite hostname="DESKTOP-33AJ96H" failures="0" tests="2" name="Academy.E2EPractice.HomePage" time="40.141" errors="0" timestamp="2022-07-17T01:24:16 IST" skipped="0">
  <testcase classname="Academy.E2EPractice.HomePage" name="validateHomepage" time="16.425"/>
  <system-out/>
  <testcase classname="Academy.E2EPractice.HomePage" name="validateHomepage" time="23.716"/>
  <system-out/>
</testsuite> <!-- Academy.E2EPractice.HomePage -->
