<?xml version="1.0" encoding="UTF-8"?>
<!-- Generated by org.testng.reporters.JUnitReportReporter -->
<testsuite hostname="DESKTOP-33AJ96H" failures="0" tests="1" name="Academy.E2EPractice.validateNavigationBar" time="0.024" errors="0" timestamp="2022-07-16T20:51:28 IST" skipped="0">
  <testcase classname="Academy.E2EPractice.validateNavigationBar" name="validateNavigationTest" time="0.024"/>
  <system-out/>
</testsuite> <!-- Academy.E2EPractice.validateNavigationBar -->
